<?xml version="1.0" encoding="UTF-8" standalone="yes"?><!DOCTYPE report PUBLIC "-//JACOCO//DTD Report 1.0//EN" "report.dtd"><report name="URLValidatorInCorrect"><sessioninfo id="flip2.engr.oregonstate.edu-1809c02e" start="1528502687735" dump="1528502688152"/><package name="finalprojectB"><class name="finalprojectB/DomainValidator$ArrayType"><method name="&lt;init&gt;" desc="(Ljava/lang/String;I)V" line="1866"><counter type="INSTRUCTION" missed="5" covered="0"/><counter type="LINE" missed="1" covered="0"/><counter type="COMPLEXITY" missed="1" covered="0"/><counter type="METHOD" missed="1" covered="0"/></method><method name="&lt;clinit&gt;" desc="()V" line="1866"><counter type="INSTRUCTION" missed="84" covered="0"/><counter type="LINE" missed="9" covered="0"/><counter type="COMPLEXITY" missed="1" covered="0"/><counter type="METHOD" missed="1" covered="0"/></method><counter type="INSTRUCTION" missed="89" covered="0"/><counter type="LINE" missed="9" covered="0"/><counter type="COMPLEXITY" missed="2" covered="0"/><counter type="METHOD" missed="2" covered="0"/><counter type="CLASS" missed="1" covered="0"/></class><class name="finalprojectB/InetAddressValidator"><method name="&lt;init&gt;" desc="()V" line="37"><counter type="INSTRUCTION" missed="0" covered="9"/><counter type="LINE" missed="0" covered="2"/><counter type="COMPLEXITY" missed="0" covered="1"/><counter type="METHOD" missed="0" covered="1"/></method><method name="getInstance" desc="()LfinalprojectB/InetAddressValidator;" line="70"><counter type="INSTRUCTION" missed="0" covered="2"/><counter type="LINE" missed="0" covered="1"/><counter type="COMPLEXITY" missed="0" covered="1"/><counter type="METHOD" missed="0" covered="1"/></method><method name="isValid" desc="(Ljava/lang/String;)Z" line="79"><counter type="INSTRUCTION" missed="12" covered="0"/><counter type="BRANCH" missed="4" covered="0"/><counter type="LINE" missed="1" covered="0"/><counter type="COMPLEXITY" missed="3" covered="0"/><counter type="METHOD" missed="1" covered="0"/></method><method name="isValidInet4Address" desc="(Ljava/lang/String;)Z" line="89"><counter type="INSTRUCTION" missed="49" covered="9"/><counter type="BRANCH" missed="13" covered="1"/><counter type="LINE" missed="13" covered="3"/><counter type="COMPLEXITY" missed="7" covered="1"/><counter type="METHOD" missed="0" covered="1"/></method><method name="isValidInet6Address" desc="(Ljava/lang/String;)Z" line="130"><counter type="INSTRUCTION" missed="159" covered="0"/><counter type="BRANCH" missed="46" covered="0"/><counter type="LINE" missed="43" covered="0"/><counter type="COMPLEXITY" missed="24" covered="0"/><counter type="METHOD" missed="1" covered="0"/></method><method name="&lt;clinit&gt;" desc="()V" line="59"><counter type="INSTRUCTION" missed="0" covered="5"/><counter type="LINE" missed="0" covered="1"/><counter type="COMPLEXITY" missed="0" covered="1"/><counter type="METHOD" missed="0" covered="1"/></method><counter type="INSTRUCTION" missed="220" covered="25"/><counter type="BRANCH" missed="63" covered="1"/><counter type="LINE" missed="57" covered="7"/><counter type="COMPLEXITY" missed="34" covered="4"/><counter type="METHOD" missed="2" covered="4"/><counter type="CLASS" missed="0" covered="1"/></class><class name="finalprojectB/RegexValidator"><method name="&lt;init&gt;" desc="(Ljava/lang/String;)V" line="84"><counter type="INSTRUCTION" missed="0" covered="5"/><counter type="LINE" missed="0" covered="2"/><counter type="COMPLEXITY" missed="0" covered="1"/><counter type="METHOD" missed="0" covered="1"/></method><method name="&lt;init&gt;" desc="(Ljava/lang/String;Z)V" line="97"><counter type="INSTRUCTION" missed="0" covered="10"/><counter type="LINE" missed="0" covered="2"/><counter type="COMPLEXITY" missed="0" covered="1"/><counter type="METHOD" missed="0" covered="1"/></method><method name="&lt;init&gt;" desc="([Ljava/lang/String;)V" line="108"><counter type="INSTRUCTION" missed="5" covered="0"/><counter type="LINE" missed="2" covered="0"/><counter type="COMPLEXITY" missed="1" covered="0"/><counter type="METHOD" missed="1" covered="0"/></method><method name="&lt;init&gt;" desc="([Ljava/lang/String;Z)V" line="120"><counter type="INSTRUCTION" missed="20" covered="44"/><counter type="BRANCH" missed="5" covered="7"/><counter type="LINE" missed="2" covered="8"/><counter type="COMPLEXITY" missed="5" covered="2"/><counter type="METHOD" missed="0" covered="1"/></method><method name="isValid" desc="(Ljava/lang/String;)Z" line="144"><counter type="INSTRUCTION" missed="25" covered="0"/><counter type="BRANCH" missed="6" covered="0"/><counter type="LINE" missed="6" covered="0"/><counter type="COMPLEXITY" missed="4" covered="0"/><counter type="METHOD" missed="1" covered="0"/></method><method name="match" desc="(Ljava/lang/String;)[Ljava/lang/String;" line="164"><counter type="INSTRUCTION" missed="2" covered="46"/><counter type="BRANCH" missed="1" covered="7"/><counter type="LINE" missed="1" covered="10"/><counter type="COMPLEXITY" missed="1" covered="4"/><counter type="METHOD" missed="0" covered="1"/></method><method name="validate" desc="(Ljava/lang/String;)Ljava/lang/String;" line="191"><counter type="INSTRUCTION" missed="61" covered="0"/><counter type="BRANCH" missed="12" covered="0"/><counter type="LINE" missed="15" covered="0"/><counter type="COMPLEXITY" missed="7" covered="0"/><counter type="METHOD" missed="1" covered="0"/></method><method name="toString" desc="()Ljava/lang/String;" line="220"><counter type="INSTRUCTION" missed="38" covered="0"/><counter type="BRANCH" missed="4" covered="0"/><counter type="LINE" missed="8" covered="0"/><counter type="COMPLEXITY" missed="3" covered="0"/><counter type="METHOD" missed="1" covered="0"/></method><counter type="INSTRUCTION" missed="151" covered="105"/><counter type="BRANCH" missed="28" covered="14"/><counter type="LINE" missed="34" covered="22"/><counter type="COMPLEXITY" missed="21" covered="8"/><counter type="METHOD" missed="4" covered="4"/><counter type="CLASS" missed="0" covered="1"/></class><class name="finalprojectB/ResultPair"><method name="&lt;init&gt;" desc="(Ljava/lang/String;Z)V" line="28"><counter type="INSTRUCTION" missed="9" covered="0"/><counter type="LINE" missed="4" covered="0"/><counter type="COMPLEXITY" missed="1" covered="0"/><counter type="METHOD" missed="1" covered="0"/></method><counter type="INSTRUCTION" missed="9" covered="0"/><counter type="LINE" missed="4" covered="0"/><counter type="COMPLEXITY" missed="1" covered="0"/><counter type="METHOD" missed="1" covered="0"/><counter type="CLASS" missed="1" covered="0"/></class><class name="finalprojectB/DomainValidator$1"><method name="&lt;clinit&gt;" desc="()V" line="1927"><counter type="INSTRUCTION" missed="61" covered="0"/><counter type="LINE" missed="1" covered="0"/><counter type="COMPLEXITY" missed="1" covered="0"/><counter type="METHOD" missed="1" covered="0"/></method><counter type="INSTRUCTION" missed="61" covered="0"/><counter type="LINE" missed="1" covered="0"/><counter type="COMPLEXITY" missed="1" covered="0"/><counter type="METHOD" missed="1" covered="0"/><counter type="CLASS" missed="1" covered="0"/></class><class name="finalprojectB/DomainValidator$IDNBUGHOLDER"><method name="keepsTrailingDot" desc="()Z" line="2033"><counter type="INSTRUCTION" missed="7" covered="0"/><counter type="LINE" missed="2" covered="0"/><counter type="COMPLEXITY" missed="1" covered="0"/><counter type="METHOD" missed="1" covered="0"/></method><method name="&lt;clinit&gt;" desc="()V" line="2036"><counter type="INSTRUCTION" missed="3" covered="0"/><counter type="LINE" missed="1" covered="0"/><counter type="COMPLEXITY" missed="1" covered="0"/><counter type="METHOD" missed="1" covered="0"/></method><counter type="INSTRUCTION" missed="10" covered="0"/><counter type="LINE" missed="3" covered="0"/><counter type="COMPLEXITY" missed="2" covered="0"/><counter type="METHOD" missed="2" covered="0"/><counter type="CLASS" missed="1" covered="0"/></class><class name="finalprojectB/DomainValidator"><method name="getInstance" desc="()LfinalprojectB/DomainValidator;" line="122"><counter type="INSTRUCTION" missed="4" covered="0"/><counter type="LINE" missed="2" covered="0"/><counter type="COMPLEXITY" missed="1" covered="0"/><counter type="METHOD" missed="1" covered="0"/></method><method name="getInstance" desc="(Z)LfinalprojectB/DomainValidator;" line="133"><counter type="INSTRUCTION" missed="2" covered="6"/><counter type="BRANCH" missed="1" covered="1"/><counter type="LINE" missed="1" covered="3"/><counter type="COMPLEXITY" missed="1" covered="1"/><counter type="METHOD" missed="0" covered="1"/></method><method name="&lt;init&gt;" desc="(Z)V" line="107"><counter type="INSTRUCTION" missed="0" covered="18"/><counter type="LINE" missed="0" covered="5"/><counter type="COMPLEXITY" missed="0" covered="1"/><counter type="METHOD" missed="0" covered="1"/></method><method name="isValid" desc="(Ljava/lang/String;)Z" line="153"><counter type="INSTRUCTION" missed="16" covered="25"/><counter type="BRANCH" missed="8" covered="4"/><counter type="LINE" missed="3" covered="6"/><counter type="COMPLEXITY" missed="6" covered="1"/><counter type="METHOD" missed="0" covered="1"/></method><method name="isValidDomainSyntax" desc="(Ljava/lang/String;)Z" line="174"><counter type="INSTRUCTION" missed="32" covered="0"/><counter type="BRANCH" missed="10" covered="0"/><counter type="LINE" missed="8" covered="0"/><counter type="COMPLEXITY" missed="6" covered="0"/><counter type="METHOD" missed="1" covered="0"/></method><method name="isValidTld" desc="(Ljava/lang/String;)Z" line="198"><counter type="INSTRUCTION" missed="6" covered="22"/><counter type="BRANCH" missed="5" covered="5"/><counter type="LINE" missed="1" covered="5"/><counter type="COMPLEXITY" missed="4" covered="2"/><counter type="METHOD" missed="0" covered="1"/></method><method name="isValidInfrastructureTld" desc="(Ljava/lang/String;)Z" line="215"><counter type="INSTRUCTION" missed="0" covered="11"/><counter type="LINE" missed="0" covered="2"/><counter type="COMPLEXITY" missed="0" covered="1"/><counter type="METHOD" missed="0" covered="1"/></method><method name="isValidGenericTld" desc="(Ljava/lang/String;)Z" line="227"><counter type="INSTRUCTION" missed="0" covered="23"/><counter type="BRANCH" missed="2" covered="4"/><counter type="LINE" missed="0" covered="3"/><counter type="COMPLEXITY" missed="2" covered="2"/><counter type="METHOD" missed="0" covered="1"/></method><method name="isValidCountryCodeTld" desc="(Ljava/lang/String;)Z" line="240"><counter type="INSTRUCTION" missed="6" covered="17"/><counter type="BRANCH" missed="4" covered="2"/><counter type="LINE" missed="0" covered="3"/><counter type="COMPLEXITY" missed="3" covered="1"/><counter type="METHOD" missed="0" covered="1"/></method><method name="isValidLocalTld" desc="(Ljava/lang/String;)Z" line="253"><counter type="INSTRUCTION" missed="11" covered="0"/><counter type="LINE" missed="2" covered="0"/><counter type="COMPLEXITY" missed="1" covered="0"/><counter type="METHOD" missed="1" covered="0"/></method><method name="chompLeadingDot" desc="(Ljava/lang/String;)Ljava/lang/String;" line="258"><counter type="INSTRUCTION" missed="4" covered="6"/><counter type="BRANCH" missed="1" covered="1"/><counter type="LINE" missed="1" covered="2"/><counter type="COMPLEXITY" missed="1" covered="1"/><counter type="METHOD" missed="0" covered="1"/></method><method name="clearTLDOverrides" desc="()V" line="1888"><counter type="INSTRUCTION" missed="11" covered="0"/><counter type="LINE" missed="6" covered="0"/><counter type="COMPLEXITY" missed="1" covered="0"/><counter type="METHOD" missed="1" covered="0"/></method><method name="updateTLDOverride" desc="(LfinalprojectB/DomainValidator$ArrayType;[Ljava/lang/String;)V" line="1918"><counter type="INSTRUCTION" missed="71" covered="0"/><counter type="BRANCH" missed="10" covered="0"/><counter type="LINE" missed="18" covered="0"/><counter type="COMPLEXITY" missed="8" covered="0"/><counter type="METHOD" missed="1" covered="0"/></method><method name="getTLDEntries" desc="(LfinalprojectB/DomainValidator$ArrayType;)[Ljava/lang/String;" line="1959"><counter type="INSTRUCTION" missed="47" covered="0"/><counter type="BRANCH" missed="9" covered="0"/><counter type="LINE" missed="19" covered="0"/><counter type="COMPLEXITY" missed="9" covered="0"/><counter type="METHOD" missed="1" covered="0"/></method><method name="unicodeToASCII" desc="(Ljava/lang/String;)Ljava/lang/String;" line="1999"><counter type="INSTRUCTION" missed="36" covered="5"/><counter type="BRANCH" missed="7" covered="1"/><counter type="LINE" missed="12" covered="2"/><counter type="COMPLEXITY" missed="4" covered="1"/><counter type="METHOD" missed="0" covered="1"/></method><method name="isOnlyASCII" desc="(Ljava/lang/String;)Z" line="2044"><counter type="INSTRUCTION" missed="4" covered="17"/><counter type="BRANCH" missed="2" covered="4"/><counter type="LINE" missed="2" covered="4"/><counter type="COMPLEXITY" missed="2" covered="2"/><counter type="METHOD" missed="0" covered="1"/></method><method name="arrayContains" desc="([Ljava/lang/String;Ljava/lang/String;)Z" line="2063"><counter type="INSTRUCTION" missed="0" covered="8"/><counter type="BRANCH" missed="0" covered="2"/><counter type="LINE" missed="0" covered="1"/><counter type="COMPLEXITY" missed="0" covered="2"/><counter type="METHOD" missed="0" covered="1"/></method><method name="&lt;clinit&gt;" desc="()V" line="68"><counter type="INSTRUCTION" missed="0" covered="6156"/><counter type="LINE" missed="0" covered="12"/><counter type="COMPLEXITY" missed="0" covered="1"/><counter type="METHOD" missed="0" covered="1"/></method><counter type="INSTRUCTION" missed="250" covered="6314"/><counter type="BRANCH" missed="59" covered="24"/><counter type="LINE" missed="75" covered="48"/><counter type="COMPLEXITY" missed="49" covered="16"/><counter type="METHOD" missed="6" covered="12"/><counter type="CLASS" missed="0" covered="1"/></class><class name="finalprojectB/UrlValidator"><method name="getInstance" desc="()LfinalprojectB/UrlValidator;" line="206"><counter type="INSTRUCTION" missed="2" covered="0"/><counter type="LINE" missed="1" covered="0"/><counter type="COMPLEXITY" missed="1" covered="0"/><counter type="METHOD" missed="1" covered="0"/></method><method name="&lt;init&gt;" desc="()V" line="213"><counter type="INSTRUCTION" missed="0" covered="4"/><counter type="LINE" missed="0" covered="2"/><counter type="COMPLEXITY" missed="0" covered="1"/><counter type="METHOD" missed="0" covered="1"/></method><method name="&lt;init&gt;" desc="([Ljava/lang/String;)V" line="225"><counter type="INSTRUCTION" missed="0" covered="5"/><counter type="LINE" missed="0" covered="2"/><counter type="COMPLEXITY" missed="0" covered="1"/><counter type="METHOD" missed="0" covered="1"/></method><method name="&lt;init&gt;" desc="(J)V" line="235"><counter type="INSTRUCTION" missed="6" covered="0"/><counter type="LINE" missed="2" covered="0"/><counter type="COMPLEXITY" missed="1" covered="0"/><counter type="METHOD" missed="1" covered="0"/></method><method name="&lt;init&gt;" desc="([Ljava/lang/String;J)V" line="246"><counter type="INSTRUCTION" missed="0" covered="6"/><counter type="LINE" missed="0" covered="2"/><counter type="COMPLEXITY" missed="0" covered="1"/><counter type="METHOD" missed="0" covered="1"/></method><method name="&lt;init&gt;" desc="(LfinalprojectB/RegexValidator;J)V" line="259"><counter type="INSTRUCTION" missed="6" covered="0"/><counter type="LINE" missed="2" covered="0"/><counter type="COMPLEXITY" missed="1" covered="0"/><counter type="METHOD" missed="1" covered="0"/></method><method name="&lt;init&gt;" desc="([Ljava/lang/String;LfinalprojectB/RegexValidator;J)V" line="271"><counter type="INSTRUCTION" missed="4" covered="41"/><counter type="BRANCH" missed="2" covered="4"/><counter type="LINE" missed="1" covered="10"/><counter type="COMPLEXITY" missed="2" covered="2"/><counter type="METHOD" missed="0" covered="1"/></method><method name="isValid" desc="(Ljava/lang/String;)Z" line="301"><counter type="INSTRUCTION" missed="20" covered="51"/><counter type="BRANCH" missed="11" covered="9"/><counter type="LINE" missed="9" covered="13"/><counter type="COMPLEXITY" missed="9" covered="2"/><counter type="METHOD" missed="0" covered="1"/></method><method name="isValidScheme" desc="(Ljava/lang/String;)Z" line="357"><counter type="INSTRUCTION" missed="6" covered="20"/><counter type="BRANCH" missed="4" covered="4"/><counter type="LINE" missed="3" covered="4"/><counter type="COMPLEXITY" missed="4" covered="1"/><counter type="METHOD" missed="0" covered="1"/></method><method name="isValidAuthority" desc="(Ljava/lang/String;)Z" line="387"><counter type="INSTRUCTION" missed="40" covered="72"/><counter type="BRANCH" missed="15" covered="13"/><counter type="LINE" missed="12" covered="21"/><counter type="COMPLEXITY" missed="13" covered="2"/><counter type="METHOD" missed="0" covered="1"/></method><method name="isValidPath" desc="(Ljava/lang/String;)Z" line="451"><counter type="INSTRUCTION" missed="11" covered="41"/><counter type="BRANCH" missed="6" covered="6"/><counter type="LINE" missed="6" covered="10"/><counter type="COMPLEXITY" missed="6" covered="1"/><counter type="METHOD" missed="0" covered="1"/></method><method name="isValidQuery" desc="(Ljava/lang/String;)Z" line="484"><counter type="INSTRUCTION" missed="5" covered="4"/><counter type="BRANCH" missed="1" covered="1"/><counter type="LINE" missed="1" covered="2"/><counter type="COMPLEXITY" missed="1" covered="1"/><counter type="METHOD" missed="0" covered="1"/></method><method name="isValidFragment" desc="(Ljava/lang/String;)Z" line="497"><counter type="INSTRUCTION" missed="4" covered="4"/><counter type="BRANCH" missed="1" covered="1"/><counter type="LINE" missed="1" covered="2"/><counter type="COMPLEXITY" missed="1" covered="1"/><counter type="METHOD" missed="0" covered="1"/></method><method name="countToken" desc="(Ljava/lang/String;Ljava/lang/String;)I" line="511"><counter type="INSTRUCTION" missed="3" covered="17"/><counter type="BRANCH" missed="1" covered="3"/><counter type="LINE" missed="2" covered="6"/><counter type="COMPLEXITY" missed="1" covered="2"/><counter type="METHOD" missed="0" covered="1"/></method><method name="isOn" desc="(J)Z" line="532"><counter type="INSTRUCTION" missed="2" covered="9"/><counter type="BRANCH" missed="1" covered="1"/><counter type="LINE" missed="0" covered="1"/><counter type="COMPLEXITY" missed="1" covered="1"/><counter type="METHOD" missed="0" covered="1"/></method><method name="isOff" desc="(J)Z" line="544"><counter type="INSTRUCTION" missed="1" covered="10"/><counter type="BRANCH" missed="1" covered="1"/><counter type="LINE" missed="0" covered="1"/><counter type="COMPLEXITY" missed="1" covered="1"/><counter type="METHOD" missed="0" covered="1"/></method><method name="matchURL" desc="(Ljava/lang/String;)Ljava/util/regex/Matcher;" line="549"><counter type="INSTRUCTION" missed="4" covered="0"/><counter type="LINE" missed="1" covered="0"/><counter type="COMPLEXITY" missed="1" covered="0"/><counter type="METHOD" missed="1" covered="0"/></method><method name="&lt;clinit&gt;" desc="()V" line="112"><counter type="INSTRUCTION" missed="0" covered="39"/><counter type="LINE" missed="0" covered="7"/><counter type="COMPLEXITY" missed="0" covered="1"/><counter type="METHOD" missed="0" covered="1"/></method><counter type="INSTRUCTION" missed="114" covered="323"/><counter type="BRANCH" missed="43" covered="43"/><counter type="LINE" missed="41" covered="83"/><counter type="COMPLEXITY" missed="43" covered="18"/><counter type="METHOD" missed="4" covered="14"/><counter type="CLASS" missed="0" covered="1"/></class><sourcefile name="UrlValidator.java"><line nr="112" mi="0" ci="3" mb="0" cb="0"/><line nr="134" mi="0" ci="3" mb="0" cb="0"/><line nr="154" mi="0" ci="3" mb="0" cb="0"/><line nr="168" mi="0" ci="3" mb="0" cb="0"/><line nr="171" mi="0" ci="3" mb="0" cb="0"/><line nr="192" mi="0" ci="19" mb="0" cb="0"/><line nr="199" mi="0" ci="5" mb="0" cb="0"/><line nr="206" mi="2" ci="0" mb="0" cb="0"/><line nr="213" mi="0" ci="3" mb="0" cb="0"/><line nr="214" mi="0" ci="1" mb="0" cb="0"/><line nr="225" mi="0" ci="4" mb="0" cb="0"/><line nr="226" mi="0" ci="1" mb="0" cb="0"/><line nr="235" mi="5" ci="0" mb="0" cb="0"/><line nr="236" mi="1" ci="0" mb="0" cb="0"/><line nr="246" mi="0" ci="5" mb="0" cb="0"/><line nr="247" mi="0" ci="1" mb="0" cb="0"/><line nr="259" mi="5" ci="0" mb="0" cb="0"/><line nr="260" mi="1" ci="0" mb="0" cb="0"/><line nr="271" mi="0" ci="2" mb="0" cb="0"/><line nr="272" mi="0" ci="3" mb="0" cb="0"/><line nr="274" mi="0" ci="4" mb="1" cb="1"/><line nr="275" mi="4" ci="0" mb="0" cb="0"/><line nr="277" mi="0" ci="2" mb="1" cb="1"/><line nr="278" mi="0" ci="2" mb="0" cb="0"/><line nr="280" mi="0" ci="7" mb="0" cb="0"/><line nr="281" mi="0" ci="8" mb="0" cb="2"/><line nr="282" mi="0" ci="9" mb="0" cb="0"/><line nr="287" mi="0" ci="3" mb="0" cb="0"/><line nr="288" mi="0" ci="1" mb="0" cb="0"/><line nr="301" mi="0" ci="2" mb="1" cb="1"/><line nr="302" mi="2" ci="0" mb="0" cb="0"/><line nr="306" mi="0" ci="4" mb="0" cb="0"/><line nr="307" mi="0" ci="3" mb="1" cb="1"/><line nr="308" mi="2" ci="0" mb="0" cb="0"/><line nr="311" mi="0" ci="4" mb="0" cb="0"/><line nr="312" mi="0" ci="4" mb="1" cb="1"/><line nr="313" mi="2" ci="0" mb="0" cb="0"/><line nr="316" mi="0" ci="4" mb="0" cb="0"/><line nr="318" mi="0" ci="4" mb="1" cb="1"/><line nr="319" mi="2" ci="0" mb="2" cb="0"/><line nr="320" mi="4" ci="0" mb="2" cb="0"/><line nr="321" mi="2" ci="0" mb="0" cb="0"/><line nr="327" mi="0" ci="4" mb="0" cb="2"/><line nr="328" mi="0" ci="2" mb="0" cb="0"/><line nr="332" mi="0" ci="6" mb="1" cb="1"/><line nr="333" mi="2" ci="0" mb="0" cb="0"/><line nr="336" mi="0" ci="6" mb="1" cb="1"/><line nr="337" mi="2" ci="0" mb="0" cb="0"/><line nr="340" mi="0" ci="6" mb="1" cb="1"/><line nr="341" mi="2" ci="0" mb="0" cb="0"/><line nr="344" mi="0" ci="2" mb="0" cb="0"/><line nr="357" mi="0" ci="2" mb="1" cb="1"/><line nr="358" mi="2" ci="0" mb="0" cb="0"/><line nr="362" mi="0" ci="5" mb="1" cb="1"/><line nr="363" mi="2" ci="0" mb="0" cb="0"/><line nr="366" mi="0" ci="11" mb="2" cb="2"/><line nr="367" mi="2" ci="0" mb="0" cb="0"/><line nr="373" mi="0" ci="2" mb="0" cb="0"/><line nr="387" mi="0" ci="2" mb="1" cb="1"/><line nr="388" mi="2" ci="0" mb="0" cb="0"/><line nr="392" mi="5" ci="3" mb="3" cb="1"/><line nr="393" mi="2" ci="0" mb="0" cb="0"/><line nr="396" mi="0" ci="3" mb="0" cb="0"/><line nr="398" mi="0" ci="4" mb="0" cb="0"/><line nr="399" mi="0" ci="3" mb="1" cb="1"/><line nr="400" mi="2" ci="0" mb="0" cb="0"/><line nr="404" mi="0" ci="4" mb="0" cb="0"/><line nr="405" mi="0" ci="2" mb="1" cb="1"/><line nr="406" mi="2" ci="0" mb="0" cb="0"/><line nr="407" mi="4" ci="0" mb="2" cb="0"/><line nr="408" mi="2" ci="0" mb="0" cb="0"/><line nr="410" mi="1" ci="0" mb="0" cb="0"/><line nr="411" mi="0" ci="4" mb="0" cb="0"/><line nr="414" mi="0" ci="5" mb="0" cb="0"/><line nr="415" mi="0" ci="4" mb="0" cb="2"/><line nr="417" mi="0" ci="2" mb="0" cb="0"/><line nr="418" mi="0" ci="4" mb="1" cb="1"/><line nr="420" mi="0" ci="2" mb="0" cb="0"/><line nr="422" mi="13" ci="0" mb="0" cb="0"/><line nr="424" mi="0" ci="4" mb="0" cb="0"/><line nr="425" mi="0" ci="5" mb="2" cb="2"/><line nr="427" mi="0" ci="3" mb="0" cb="0"/><line nr="428" mi="0" ci="5" mb="2" cb="2"/><line nr="429" mi="2" ci="0" mb="0" cb="0"/><line nr="431" mi="1" ci="0" mb="0" cb="0"/><line nr="432" mi="2" ci="0" mb="0" cb="0"/><line nr="433" mi="0" ci="1" mb="0" cb="0"/><line nr="437" mi="0" ci="4" mb="0" cb="0"/><line nr="438" mi="0" ci="6" mb="2" cb="2"/><line nr="439" mi="2" ci="0" mb="0" cb="0"/><line nr="442" mi="0" ci="2" mb="0" cb="0"/><line nr="451" mi="0" ci="2" mb="1" cb="1"/><line nr="452" mi="2" ci="0" mb="0" cb="0"/><line nr="455" mi="0" ci="5" mb="1" cb="1"/><line nr="456" mi="2" ci="0" mb="0" cb="0"/><line nr="460" mi="0" ci="8" mb="0" cb="0"/><line nr="461" mi="0" ci="4" mb="0" cb="0"/><line nr="462" mi="0" ci="6" mb="1" cb="1"/><line nr="463" mi="0" ci="2" mb="1" cb="1"/><line nr="464" mi="2" ci="0" mb="0" cb="0"/><line nr="466" mi="1" ci="0" mb="0" cb="0"/><line nr="467" mi="2" ci="0" mb="0" cb="0"/><line nr="468" mi="0" ci="1" mb="0" cb="0"/><line nr="470" mi="0" ci="5" mb="0" cb="0"/><line nr="471" mi="0" ci="6" mb="2" cb="2"/><line nr="472" mi="2" ci="0" mb="0" cb="0"/><line nr="475" mi="0" ci="2" mb="0" cb="0"/><line nr="484" mi="0" ci="2" mb="1" cb="1"/><line nr="485" mi="0" ci="2" mb="0" cb="0"/><line nr="488" mi="5" ci="0" mb="0" cb="0"/><line nr="497" mi="0" ci="2" mb="1" cb="1"/><line nr="498" mi="0" ci="2" mb="0" cb="0"/><line nr="501" mi="4" ci="0" mb="0" cb="0"/><line nr="511" mi="0" ci="2" mb="0" cb="0"/><line nr="512" mi="0" ci="2" mb="0" cb="0"/><line nr="513" mi="0" ci="3" mb="0" cb="2"/><line nr="514" mi="0" ci="5" mb="0" cb="0"/><line nr="515" mi="0" ci="3" mb="1" cb="1"/><line nr="516" mi="1" ci="0" mb="0" cb="0"/><line nr="517" mi="2" ci="0" mb="0" cb="0"/><line nr="520" mi="0" ci="2" mb="0" cb="0"/><line nr="532" mi="2" ci="9" mb="1" cb="1"/><line nr="544" mi="1" ci="10" mb="1" cb="1"/><line nr="549" mi="4" ci="0" mb="0" cb="0"/><counter type="INSTRUCTION" missed="114" covered="323"/><counter type="BRANCH" missed="43" covered="43"/><counter type="LINE" missed="41" covered="83"/><counter type="COMPLEXITY" missed="43" covered="18"/><counter type="METHOD" missed="4" covered="14"/><counter type="CLASS" missed="0" covered="1"/></sourcefile><sourcefile name="ResultPair.java"><line nr="28" mi="2" ci="0" mb="0" cb="0"/><line nr="29" mi="3" ci="0" mb="0" cb="0"/><line nr="31" mi="3" ci="0" mb="0" cb="0"/><line nr="32" mi="1" ci="0" mb="0" cb="0"/><counter type="INSTRUCTION" missed="9" covered="0"/><counter type="LINE" missed="4" covered="0"/><counter type="COMPLEXITY" missed="1" covered="0"/><counter type="METHOD" missed="1" covered="0"/><counter type="CLASS" missed="1" covered="0"/></sourcefile><sourcefile name="DomainValidator.java"><line nr="68" mi="0" ci="3" mb="0" cb="0"/><line nr="96" mi="0" ci="5" mb="0" cb="0"/><line nr="102" mi="0" ci="5" mb="0" cb="0"/><line nr="107" mi="0" ci="6" mb="0" cb="0"/><line nr="113" mi="0" ci="6" mb="0" cb="0"/><line nr="122" mi="2" ci="0" mb="0" cb="0"/><line nr="123" mi="2" ci="0" mb="0" cb="0"/><line nr="133" mi="0" ci="2" mb="0" cb="0"/><line nr="134" mi="0" ci="2" mb="1" cb="1"/><line nr="135" mi="2" ci="0" mb="0" cb="0"/><line nr="137" mi="0" ci="2" mb="0" cb="0"/><line nr="141" mi="0" ci="2" mb="0" cb="0"/><line nr="142" mi="0" ci="3" mb="0" cb="0"/><line nr="143" mi="0" ci="1" mb="0" cb="0"/><line nr="153" mi="0" ci="2" mb="1" cb="1"/><line nr="154" mi="2" ci="0" mb="0" cb="0"/><line nr="156" mi="0" ci="3" mb="0" cb="0"/><line nr="161" mi="0" ci="4" mb="1" cb="1"/><line nr="162" mi="2" ci="0" mb="0" cb="0"/><line nr="164" mi="0" ci="5" mb="0" cb="0"/><line nr="165" mi="0" ci="5" mb="2" cb="2"/><line nr="166" mi="0" ci="6" mb="0" cb="0"/><line nr="168" mi="12" ci="0" mb="4" cb="0"/><line nr="174" mi="2" ci="0" mb="2" cb="0"/><line nr="175" mi="2" ci="0" mb="0" cb="0"/><line nr="177" mi="3" ci="0" mb="0" cb="0"/><line nr="182" mi="4" ci="0" mb="2" cb="0"/><line nr="183" mi="2" ci="0" mb="0" cb="0"/><line nr="185" mi="5" ci="0" mb="0" cb="0"/><line nr="186" mi="9" ci="0" mb="4" cb="0"/><line nr="187" mi="5" ci="0" mb="2" cb="0"/><line nr="198" mi="0" ci="3" mb="0" cb="0"/><line nr="199" mi="4" ci="3" mb="3" cb="1"/><line nr="200" mi="2" ci="0" mb="0" cb="0"/><line nr="202" mi="0" ci="7" mb="1" cb="1"/><line nr="203" mi="0" ci="4" mb="0" cb="2"/><line nr="204" mi="0" ci="5" mb="1" cb="1"/><line nr="215" mi="0" ci="7" mb="0" cb="0"/><line nr="216" mi="0" ci="4" mb="0" cb="0"/><line nr="227" mi="0" ci="7" mb="0" cb="0"/><line nr="228" mi="0" ci="11" mb="1" cb="3"/><line nr="229" mi="0" ci="5" mb="1" cb="1"/><line nr="240" mi="0" ci="7" mb="0" cb="0"/><line nr="241" mi="2" ci="9" mb="2" cb="2"/><line nr="242" mi="4" ci="1" mb="2" cb="0"/><line nr="253" mi="7" ci="0" mb="0" cb="0"/><line nr="254" mi="4" ci="0" mb="0" cb="0"/><line nr="258" mi="0" ci="4" mb="1" cb="1"/><line nr="259" mi="4" ci="0" mb="0" cb="0"/><line nr="261" mi="0" ci="2" mb="0" cb="0"/><line nr="280" mi="0" ci="7" mb="0" cb="0"/><line nr="285" mi="0" ci="4939" mb="0" cb="0"/><line nr="1528" mi="0" ci="1175" mb="0" cb="0"/><line nr="1827" mi="0" ci="11" mb="0" cb="0"/><line nr="1841" mi="0" ci="2" mb="0" cb="0"/><line nr="1849" mi="0" ci="2" mb="0" cb="0"/><line nr="1852" mi="0" ci="2" mb="0" cb="0"/><line nr="1855" mi="0" ci="2" mb="0" cb="0"/><line nr="1858" mi="0" ci="3" mb="0" cb="0"/><line nr="1866" mi="41" ci="0" mb="0" cb="0"/><line nr="1868" mi="6" ci="0" mb="0" cb="0"/><line nr="1870" mi="6" ci="0" mb="0" cb="0"/><line nr="1872" mi="6" ci="0" mb="0" cb="0"/><line nr="1874" mi="6" ci="0" mb="0" cb="0"/><line nr="1876" mi="6" ci="0" mb="0" cb="0"/><line nr="1878" mi="6" ci="0" mb="0" cb="0"/><line nr="1880" mi="6" ci="0" mb="0" cb="0"/><line nr="1882" mi="6" ci="0" mb="0" cb="0"/><line nr="1888" mi="2" ci="0" mb="0" cb="0"/><line nr="1889" mi="2" ci="0" mb="0" cb="0"/><line nr="1890" mi="2" ci="0" mb="0" cb="0"/><line nr="1891" mi="2" ci="0" mb="0" cb="0"/><line nr="1892" mi="2" ci="0" mb="0" cb="0"/><line nr="1893" mi="1" ci="0" mb="0" cb="0"/><line nr="1918" mi="2" ci="0" mb="2" cb="0"/><line nr="1919" mi="5" ci="0" mb="0" cb="0"/><line nr="1921" mi="4" ci="0" mb="0" cb="0"/><line nr="1923" mi="8" ci="0" mb="2" cb="0"/><line nr="1924" mi="8" ci="0" mb="0" cb="0"/><line nr="1926" mi="2" ci="0" mb="0" cb="0"/><line nr="1927" mi="66" ci="0" mb="6" cb="0"/><line nr="1929" mi="2" ci="0" mb="0" cb="0"/><line nr="1930" mi="1" ci="0" mb="0" cb="0"/><line nr="1932" mi="2" ci="0" mb="0" cb="0"/><line nr="1933" mi="1" ci="0" mb="0" cb="0"/><line nr="1935" mi="2" ci="0" mb="0" cb="0"/><line nr="1936" mi="1" ci="0" mb="0" cb="0"/><line nr="1938" mi="2" ci="0" mb="0" cb="0"/><line nr="1939" mi="1" ci="0" mb="0" cb="0"/><line nr="1944" mi="12" ci="0" mb="0" cb="0"/><line nr="1946" mi="12" ci="0" mb="0" cb="0"/><line nr="1948" mi="1" ci="0" mb="0" cb="0"/><line nr="1959" mi="5" ci="0" mb="9" cb="0"/><line nr="1961" mi="2" ci="0" mb="0" cb="0"/><line nr="1962" mi="1" ci="0" mb="0" cb="0"/><line nr="1964" mi="2" ci="0" mb="0" cb="0"/><line nr="1965" mi="1" ci="0" mb="0" cb="0"/><line nr="1967" mi="2" ci="0" mb="0" cb="0"/><line nr="1968" mi="1" ci="0" mb="0" cb="0"/><line nr="1970" mi="2" ci="0" mb="0" cb="0"/><line nr="1971" mi="1" ci="0" mb="0" cb="0"/><line nr="1973" mi="2" ci="0" mb="0" cb="0"/><line nr="1974" mi="1" ci="0" mb="0" cb="0"/><line nr="1976" mi="2" ci="0" mb="0" cb="0"/><line nr="1977" mi="1" ci="0" mb="0" cb="0"/><line nr="1979" mi="2" ci="0" mb="0" cb="0"/><line nr="1980" mi="1" ci="0" mb="0" cb="0"/><line nr="1982" mi="2" ci="0" mb="0" cb="0"/><line nr="1983" mi="1" ci="0" mb="0" cb="0"/><line nr="1985" mi="12" ci="0" mb="0" cb="0"/><line nr="1987" mi="6" ci="0" mb="0" cb="0"/><line nr="1999" mi="0" ci="3" mb="1" cb="1"/><line nr="2000" mi="0" ci="2" mb="0" cb="0"/><line nr="2003" mi="3" ci="0" mb="0" cb="0"/><line nr="2004" mi="2" ci="0" mb="2" cb="0"/><line nr="2005" mi="2" ci="0" mb="0" cb="0"/><line nr="2007" mi="3" ci="0" mb="0" cb="0"/><line nr="2008" mi="2" ci="0" mb="2" cb="0"/><line nr="2009" mi="2" ci="0" mb="0" cb="0"/><line nr="2016" mi="6" ci="0" mb="0" cb="0"/><line nr="2017" mi="2" ci="0" mb="2" cb="0"/><line nr="2022" mi="9" ci="0" mb="0" cb="0"/><line nr="2024" mi="2" ci="0" mb="0" cb="0"/><line nr="2026" mi="1" ci="0" mb="0" cb="0"/><line nr="2027" mi="2" ci="0" mb="0" cb="0"/><line nr="2033" mi="2" ci="0" mb="0" cb="0"/><line nr="2034" mi="5" ci="0" mb="0" cb="0"/><line nr="2036" mi="3" ci="0" mb="0" cb="0"/><line nr="2044" mi="0" ci="2" mb="1" cb="1"/><line nr="2045" mi="2" ci="0" mb="0" cb="0"/><line nr="2047" mi="0" ci="8" mb="0" cb="2"/><line nr="2048" mi="0" ci="5" mb="1" cb="1"/><line nr="2049" mi="2" ci="0" mb="0" cb="0"/><line nr="2052" mi="0" ci="2" mb="0" cb="0"/><line nr="2063" mi="0" ci="8" mb="0" cb="2"/><counter type="INSTRUCTION" missed="410" covered="6314"/><counter type="BRANCH" missed="59" covered="24"/><counter type="LINE" missed="87" covered="48"/><counter type="COMPLEXITY" missed="54" covered="16"/><counter type="METHOD" missed="11" covered="12"/><counter type="CLASS" missed="3" covered="1"/></sourcefile><sourcefile name="InetAddressValidator.java"><line nr="37" mi="0" ci="2" mb="0" cb="0"/><line nr="59" mi="0" ci="5" mb="0" cb="0"/><line nr="62" mi="0" ci="7" mb="0" cb="0"/><line nr="70" mi="0" ci="2" mb="0" cb="0"/><line nr="79" mi="12" ci="0" mb="4" cb="0"/><line nr="89" mi="0" ci="5" mb="0" cb="0"/><line nr="91" mi="0" ci="2" mb="1" cb="1"/><line nr="92" mi="0" ci="2" mb="0" cb="0"/><line nr="96" mi="16" ci="0" mb="2" cb="0"/><line nr="97" mi="5" ci="0" mb="4" cb="0"/><line nr="98" mi="2" ci="0" mb="0" cb="0"/><line nr="101" mi="2" ci="0" mb="0" cb="0"/><line nr="104" mi="3" ci="0" mb="0" cb="0"/><line nr="105" mi="1" ci="0" mb="0" cb="0"/><line nr="106" mi="2" ci="0" mb="0" cb="0"/><line nr="107" mi="1" ci="0" mb="0" cb="0"/><line nr="109" mi="3" ci="0" mb="2" cb="0"/><line nr="110" mi="2" ci="0" mb="0" cb="0"/><line nr="113" mi="8" ci="0" mb="4" cb="0"/><line nr="114" mi="2" ci="0" mb="0" cb="0"/><line nr="119" mi="2" ci="0" mb="0" cb="0"/><line nr="130" mi="4" ci="0" mb="0" cb="0"/><line nr="131" mi="9" ci="0" mb="4" cb="0"/><line nr="132" mi="2" ci="0" mb="0" cb="0"/><line nr="134" mi="10" ci="0" mb="4" cb="0"/><line nr="135" mi="6" ci="0" mb="4" cb="0"/><line nr="136" mi="2" ci="0" mb="0" cb="0"/><line nr="138" mi="4" ci="0" mb="0" cb="0"/><line nr="139" mi="2" ci="0" mb="2" cb="0"/><line nr="140" mi="6" ci="0" mb="0" cb="0"/><line nr="141" mi="4" ci="0" mb="2" cb="0"/><line nr="143" mi="5" ci="0" mb="0" cb="0"/><line nr="144" mi="7" ci="0" mb="4" cb="0"/><line nr="145" mi="4" ci="0" mb="0" cb="0"/><line nr="147" mi="7" ci="0" mb="0" cb="0"/><line nr="149" mi="4" ci="0" mb="2" cb="0"/><line nr="150" mi="2" ci="0" mb="0" cb="0"/><line nr="152" mi="2" ci="0" mb="0" cb="0"/><line nr="153" mi="2" ci="0" mb="0" cb="0"/><line nr="154" mi="8" ci="0" mb="2" cb="0"/><line nr="155" mi="4" ci="0" mb="0" cb="0"/><line nr="156" mi="3" ci="0" mb="2" cb="0"/><line nr="157" mi="1" ci="0" mb="0" cb="0"/><line nr="158" mi="3" ci="0" mb="2" cb="0"/><line nr="159" mi="2" ci="0" mb="0" cb="0"/><line nr="162" mi="2" ci="0" mb="0" cb="0"/><line nr="164" mi="10" ci="0" mb="4" cb="0"/><line nr="165" mi="4" ci="0" mb="2" cb="0"/><line nr="166" mi="2" ci="0" mb="0" cb="0"/><line nr="168" mi="1" ci="0" mb="0" cb="0"/><line nr="169" mi="1" ci="0" mb="0" cb="0"/><line nr="171" mi="4" ci="0" mb="2" cb="0"/><line nr="172" mi="2" ci="0" mb="0" cb="0"/><line nr="174" mi="2" ci="0" mb="0" cb="0"/><line nr="176" mi="4" ci="0" mb="0" cb="0"/><line nr="177" mi="1" ci="0" mb="0" cb="0"/><line nr="178" mi="2" ci="0" mb="0" cb="0"/><line nr="179" mi="1" ci="0" mb="0" cb="0"/><line nr="180" mi="5" ci="0" mb="4" cb="0"/><line nr="181" mi="2" ci="0" mb="0" cb="0"/><line nr="184" mi="1" ci="0" mb="0" cb="0"/><line nr="186" mi="8" ci="0" mb="6" cb="0"/><line nr="187" mi="2" ci="0" mb="0" cb="0"/><line nr="189" mi="2" ci="0" mb="0" cb="0"/><counter type="INSTRUCTION" missed="220" covered="25"/><counter type="BRANCH" missed="63" covered="1"/><counter type="LINE" missed="57" covered="7"/><counter type="COMPLEXITY" missed="34" covered="4"/><counter type="METHOD" missed="2" covered="4"/><counter type="CLASS" missed="0" covered="1"/></sourcefile><sourcefile name="RegexValidator.java"><line nr="84" mi="0" ci="4" mb="0" cb="0"/><line nr="85" mi="0" ci="1" mb="0" cb="0"/><line nr="97" mi="0" ci="9" mb="0" cb="0"/><line nr="98" mi="0" ci="1" mb="0" cb="0"/><line nr="108" mi="4" ci="0" mb="0" cb="0"/><line nr="109" mi="1" ci="0" mb="0" cb="0"/><line nr="120" mi="0" ci="2" mb="0" cb="0"/><line nr="122" mi="0" ci="5" mb="2" cb="2"/><line nr="123" mi="5" ci="0" mb="0" cb="0"/><line nr="125" mi="0" ci="5" mb="0" cb="0"/><line nr="126" mi="1" ci="5" mb="1" cb="1"/><line nr="128" mi="0" ci="8" mb="0" cb="2"/><line nr="129" mi="0" ci="9" mb="2" cb="2"/><line nr="130" mi="14" ci="0" mb="0" cb="0"/><line nr="132" mi="0" ci="9" mb="0" cb="0"/><line nr="134" mi="0" ci="1" mb="0" cb="0"/><line nr="144" mi="2" ci="0" mb="2" cb="0"/><line nr="145" mi="2" ci="0" mb="0" cb="0"/><line nr="147" mi="9" ci="0" mb="2" cb="0"/><line nr="148" mi="8" ci="0" mb="2" cb="0"/><line nr="149" mi="2" ci="0" mb="0" cb="0"/><line nr="152" mi="2" ci="0" mb="0" cb="0"/><line nr="164" mi="0" ci="2" mb="1" cb="1"/><line nr="165" mi="2" ci="0" mb="0" cb="0"/><line nr="167" mi="0" ci="9" mb="0" cb="2"/><line nr="168" mi="0" ci="7" mb="0" cb="0"/><line nr="169" mi="0" ci="3" mb="0" cb="2"/><line nr="170" mi="0" ci="3" mb="0" cb="0"/><line nr="171" mi="0" ci="3" mb="0" cb="0"/><line nr="172" mi="0" ci="7" mb="0" cb="2"/><line nr="173" mi="0" ci="8" mb="0" cb="0"/><line nr="175" mi="0" ci="2" mb="0" cb="0"/><line nr="178" mi="0" ci="2" mb="0" cb="0"/><line nr="191" mi="2" ci="0" mb="2" cb="0"/><line nr="192" mi="2" ci="0" mb="0" cb="0"/><line nr="194" mi="9" ci="0" mb="2" cb="0"/><line nr="195" mi="7" ci="0" mb="0" cb="0"/><line nr="196" mi="3" ci="0" mb="2" cb="0"/><line nr="197" mi="3" ci="0" mb="0" cb="0"/><line nr="198" mi="3" ci="0" mb="2" cb="0"/><line nr="199" mi="4" ci="0" mb="0" cb="0"/><line nr="201" mi="4" ci="0" mb="0" cb="0"/><line nr="202" mi="7" ci="0" mb="2" cb="0"/><line nr="203" mi="6" ci="0" mb="0" cb="0"/><line nr="204" mi="2" ci="0" mb="2" cb="0"/><line nr="205" mi="4" ci="0" mb="0" cb="0"/><line nr="208" mi="3" ci="0" mb="0" cb="0"/><line nr="211" mi="2" ci="0" mb="0" cb="0"/><line nr="220" mi="4" ci="0" mb="0" cb="0"/><line nr="221" mi="4" ci="0" mb="0" cb="0"/><line nr="222" mi="9" ci="0" mb="2" cb="0"/><line nr="223" mi="2" ci="0" mb="2" cb="0"/><line nr="224" mi="4" ci="0" mb="0" cb="0"/><line nr="226" mi="8" ci="0" mb="0" cb="0"/><line nr="228" mi="4" ci="0" mb="0" cb="0"/><line nr="229" mi="3" ci="0" mb="0" cb="0"/><counter type="INSTRUCTION" missed="151" covered="105"/><counter type="BRANCH" missed="28" covered="14"/><counter type="LINE" missed="34" covered="22"/><counter type="COMPLEXITY" missed="21" covered="8"/><counter type="METHOD" missed="4" covered="4"/><counter type="CLASS" missed="0" covered="1"/></sourcefile><counter type="INSTRUCTION" missed="904" covered="6767"/><counter type="BRANCH" missed="193" covered="82"/><counter type="LINE" missed="223" covered="160"/><counter type="COMPLEXITY" missed="153" covered="46"/><counter type="METHOD" missed="22" covered="34"/><counter type="CLASS" missed="4" covered="4"/></package><counter type="INSTRUCTION" missed="904" covered="6767"/><counter type="BRANCH" missed="193" covered="82"/><counter type="LINE" missed="223" covered="160"/><counter type="COMPLEXITY" missed="153" covered="46"/><counter type="METHOD" missed="22" covered="34"/><counter type="CLASS" missed="4" covered="4"/></report>